<?xml version="1.0" encoding="UTF-8"?>
<coverage generated="1614806129395" clover="3.2.0">
  <project timestamp="1614806129395" name="All files">
    <metrics statements="21" coveredstatements="21" conditionals="10" coveredconditionals="10" methods="5" coveredmethods="5" elements="36" coveredelements="36" complexity="0" loc="21" ncloc="21" packages="1" files="2" classes="2"/>
    <file name="bst-node.js" path="/Users/chloehellberg/Desktop/binary-search-trees/src/bst-node.js">
      <metrics statements="3" coveredstatements="3" conditionals="0" coveredconditionals="0" methods="1" coveredmethods="1"/>
      <line num="3" count="80" type="stmt"/>
      <line num="4" count="80" type="stmt"/>
      <line num="5" count="80" type="stmt"/>
    </file>
    <file name="bst.js" path="/Users/chloehellberg/Desktop/binary-search-trees/src/bst.js">
      <metrics statements="18" coveredstatements="18" conditionals="10" coveredconditionals="10" methods="4" coveredmethods="4"/>
      <line num="3" count="9" type="stmt"/>
      <line num="7" count="1" type="stmt"/>
      <line num="11" count="1" type="stmt"/>
      <line num="25" count="78" type="cond" truecount="2" falsecount="0"/>
      <line num="26" count="7" type="stmt"/>
      <line num="28" count="71" type="stmt"/>
      <line num="29" count="71" type="stmt"/>
      <line num="30" count="158" type="cond" truecount="2" falsecount="0"/>
      <line num="31" count="51" type="cond" truecount="2" falsecount="0"/>
      <line num="32" count="7" type="stmt"/>
      <line num="33" count="7" type="stmt"/>
      <line num="35" count="44" type="stmt"/>
      <line num="37" count="107" type="cond" truecount="2" falsecount="0"/>
      <line num="38" count="50" type="cond" truecount="2" falsecount="0"/>
      <line num="39" count="7" type="stmt"/>
      <line num="40" count="7" type="stmt"/>
      <line num="42" count="43" type="stmt"/>
      <line num="45" count="57" type="stmt"/>
    </file>
  </project>
</coverage>
