<?xml version="1.0" encoding="UTF-8"?>
<coverage generated="1614808266203" clover="3.2.0">
  <project timestamp="1614808266203" name="All files">
    <metrics statements="32" coveredstatements="32" conditionals="20" coveredconditionals="19" methods="5" coveredmethods="5" elements="57" coveredelements="56" complexity="0" loc="32" ncloc="32" packages="1" files="2" classes="2"/>
    <file name="bst-node.js" path="/Users/chloehellberg/Desktop/binary-search-trees/src/bst-node.js">
      <metrics statements="3" coveredstatements="3" conditionals="0" coveredconditionals="0" methods="1" coveredmethods="1"/>
      <line num="3" count="115" type="stmt"/>
      <line num="4" count="115" type="stmt"/>
      <line num="5" count="115" type="stmt"/>
    </file>
    <file name="bst.js" path="/Users/chloehellberg/Desktop/binary-search-trees/src/bst.js">
      <metrics statements="29" coveredstatements="29" conditionals="20" coveredconditionals="19" methods="4" coveredmethods="4"/>
      <line num="3" count="9" type="stmt"/>
      <line num="7" count="1" type="stmt"/>
      <line num="12" count="113" type="cond" truecount="2" falsecount="0"/>
      <line num="13" count="7" type="stmt"/>
      <line num="15" count="106" type="stmt"/>
      <line num="16" count="106" type="stmt"/>
      <line num="17" count="243" type="cond" truecount="2" falsecount="0"/>
      <line num="18" count="76" type="cond" truecount="2" falsecount="0"/>
      <line num="19" count="7" type="stmt"/>
      <line num="20" count="7" type="stmt"/>
      <line num="22" count="69" type="stmt"/>
      <line num="24" count="167" type="cond" truecount="2" falsecount="0"/>
      <line num="25" count="75" type="cond" truecount="2" falsecount="0"/>
      <line num="26" count="7" type="stmt"/>
      <line num="27" count="7" type="stmt"/>
      <line num="29" count="68" type="stmt"/>
      <line num="32" count="92" type="stmt"/>
      <line num="39" count="6" type="cond" truecount="2" falsecount="0"/>
      <line num="40" count="1" type="stmt"/>
      <line num="42" count="5" type="stmt"/>
      <line num="43" count="5" type="stmt"/>
      <line num="44" count="14" type="cond" truecount="2" falsecount="0"/>
      <line num="45" count="3" type="stmt"/>
      <line num="46" count="11" type="cond" truecount="2" falsecount="0"/>
      <line num="47" count="5" type="stmt"/>
      <line num="48" count="6" type="cond" truecount="1" falsecount="1"/>
      <line num="49" count="6" type="stmt"/>
      <line num="51" count="11" type="cond" truecount="2" falsecount="0"/>
      <line num="52" count="2" type="stmt"/>
    </file>
  </project>
</coverage>
