{"/Users/chloehellberg/Desktop/binary-search-trees/src/bst-node.js": {"path":"/Users/chloehellberg/Desktop/binary-search-trees/src/bst-node.js","statementMap":{"0":{"start":{"line":3,"column":4},"end":{"line":3,"column":21}},"1":{"start":{"line":4,"column":4},"end":{"line":4,"column":21}},"2":{"start":{"line":5,"column":4},"end":{"line":5,"column":22}}},"fnMap":{"0":{"name":"(anonymous_0)","decl":{"start":{"line":2,"column":2},"end":{"line":2,"column":3}},"loc":{"start":{"line":2,"column":20},"end":{"line":6,"column":3}},"line":2}},"branchMap":{},"s":{"0":80,"1":80,"2":80},"f":{"0":80},"b":{},"_coverageSchema":"43e27e138ebf9cfc5966b082cf9a028302ed4184","hash":"d2e87d05b87c248eaa352b02c2e2046e801dcd9b"}
,"/Users/chloehellberg/Desktop/binary-search-trees/src/bst.js": {"path":"/Users/chloehellberg/Desktop/binary-search-trees/src/bst.js","statementMap":{"0":{"start":{"line":3,"column":4},"end":{"line":3,"column":21}},"1":{"start":{"line":7,"column":3},"end":{"line":7,"column":15}},"2":{"start":{"line":11,"column":3},"end":{"line":11,"column":20}},"3":{"start":{"line":25,"column":4},"end":{"line":48,"column":5}},"4":{"start":{"line":26,"column":6},"end":{"line":26,"column":31}},"5":{"start":{"line":28,"column":24},"end":{"line":28,"column":33}},"6":{"start":{"line":29,"column":6},"end":{"line":47,"column":7}},"7":{"start":{"line":30,"column":8},"end":{"line":46,"column":9}},"8":{"start":{"line":31,"column":10},"end":{"line":36,"column":11}},"9":{"start":{"line":32,"column":12},"end":{"line":32,"column":44}},"10":{"start":{"line":33,"column":12},"end":{"line":33,"column":24}},"11":{"start":{"line":35,"column":12},"end":{"line":35,"column":43}},"12":{"start":{"line":37,"column":15},"end":{"line":46,"column":9}},"13":{"start":{"line":38,"column":10},"end":{"line":43,"column":11}},"14":{"start":{"line":39,"column":12},"end":{"line":39,"column":45}},"15":{"start":{"line":40,"column":12},"end":{"line":40,"column":24}},"16":{"start":{"line":42,"column":12},"end":{"line":42,"column":43}},"17":{"start":{"line":45,"column":10},"end":{"line":45,"column":22}}},"fnMap":{"0":{"name":"(anonymous_0)","decl":{"start":{"line":2,"column":2},"end":{"line":2,"column":3}},"loc":{"start":{"line":2,"column":16},"end":{"line":4,"column":3}},"line":2},"1":{"name":"(anonymous_1)","decl":{"start":{"line":6,"column":1},"end":{"line":6,"column":2}},"loc":{"start":{"line":6,"column":15},"end":{"line":8,"column":2}},"line":6},"2":{"name":"(anonymous_2)","decl":{"start":{"line":10,"column":2},"end":{"line":10,"column":3}},"loc":{"start":{"line":10,"column":19},"end":{"line":12,"column":3}},"line":10},"3":{"name":"(anonymous_3)","decl":{"start":{"line":24,"column":2},"end":{"line":24,"column":3}},"loc":{"start":{"line":24,"column":23},"end":{"line":49,"column":3}},"line":24}},"branchMap":{"0":{"loc":{"start":{"line":25,"column":4},"end":{"line":48,"column":5}},"type":"if","locations":[{"start":{"line":25,"column":4},"end":{"line":48,"column":5}},{"start":{"line":25,"column":4},"end":{"line":48,"column":5}}],"line":25},"1":{"loc":{"start":{"line":30,"column":8},"end":{"line":46,"column":9}},"type":"if","locations":[{"start":{"line":30,"column":8},"end":{"line":46,"column":9}},{"start":{"line":30,"column":8},"end":{"line":46,"column":9}}],"line":30},"2":{"loc":{"start":{"line":31,"column":10},"end":{"line":36,"column":11}},"type":"if","locations":[{"start":{"line":31,"column":10},"end":{"line":36,"column":11}},{"start":{"line":31,"column":10},"end":{"line":36,"column":11}}],"line":31},"3":{"loc":{"start":{"line":37,"column":15},"end":{"line":46,"column":9}},"type":"if","locations":[{"start":{"line":37,"column":15},"end":{"line":46,"column":9}},{"start":{"line":37,"column":15},"end":{"line":46,"column":9}}],"line":37},"4":{"loc":{"start":{"line":38,"column":10},"end":{"line":43,"column":11}},"type":"if","locations":[{"start":{"line":38,"column":10},"end":{"line":43,"column":11}},{"start":{"line":38,"column":10},"end":{"line":43,"column":11}}],"line":38}},"s":{"0":9,"1":1,"2":1,"3":78,"4":7,"5":71,"6":71,"7":158,"8":51,"9":7,"10":7,"11":44,"12":107,"13":50,"14":7,"15":7,"16":43,"17":57},"f":{"0":9,"1":1,"2":1,"3":78},"b":{"0":[7,71],"1":[51,107],"2":[7,44],"3":[50,57],"4":[7,43]},"_coverageSchema":"43e27e138ebf9cfc5966b082cf9a028302ed4184","hash":"2c1555b59226b95525b154f8ffa31677711db265"}
}
