TN:
SF:/Users/chloehellberg/Desktop/binary-search-trees/src/bst-node.js
FN:2,(anonymous_0)
FNF:1
FNH:1
FNDA:80,(anonymous_0)
DA:3,80
DA:4,80
DA:5,80
LF:3
LH:3
BRF:0
BRH:0
end_of_record
TN:
SF:/Users/chloehellberg/Desktop/binary-search-trees/src/bst.js
FN:2,(anonymous_0)
FN:6,(anonymous_1)
FN:10,(anonymous_2)
FN:24,(anonymous_3)
FNF:4
FNH:4
FNDA:9,(anonymous_0)
FNDA:1,(anonymous_1)
FNDA:1,(anonymous_2)
FNDA:78,(anonymous_3)
DA:3,9
DA:7,1
DA:11,1
DA:25,78
DA:26,7
DA:28,71
DA:29,71
DA:30,158
DA:31,51
DA:32,7
DA:33,7
DA:35,44
DA:37,107
DA:38,50
DA:39,7
DA:40,7
DA:42,43
DA:45,57
LF:18
LH:18
BRDA:25,0,0,7
BRDA:25,0,1,71
BRDA:30,1,0,51
BRDA:30,1,1,107
BRDA:31,2,0,7
BRDA:31,2,1,44
BRDA:37,3,0,50
BRDA:37,3,1,57
BRDA:38,4,0,7
BRDA:38,4,1,43
BRF:10
BRH:10
end_of_record
