TN:
SF:/Users/chloehellberg/Desktop/binary-search-trees/src/bst-node.js
FN:2,(anonymous_0)
FNF:1
FNH:1
FNDA:115,(anonymous_0)
DA:3,115
DA:4,115
DA:5,115
LF:3
LH:3
BRF:0
BRH:0
end_of_record
TN:
SF:/Users/chloehellberg/Desktop/binary-search-trees/src/bst.js
FN:2,(anonymous_0)
FN:6,(anonymous_1)
FN:11,(anonymous_2)
FN:38,(anonymous_3)
FNF:4
FNH:4
FNDA:9,(anonymous_0)
FNDA:1,(anonymous_1)
FNDA:113,(anonymous_2)
FNDA:6,(anonymous_3)
DA:3,9
DA:7,1
DA:12,113
DA:13,7
DA:15,106
DA:16,106
DA:17,243
DA:18,76
DA:19,7
DA:20,7
DA:22,69
DA:24,167
DA:25,75
DA:26,7
DA:27,7
DA:29,68
DA:32,92
DA:39,6
DA:40,1
DA:42,5
DA:43,5
DA:44,14
DA:45,3
DA:46,11
DA:47,5
DA:48,6
DA:49,6
DA:51,11
DA:52,2
LF:29
LH:29
BRDA:12,0,0,7
BRDA:12,0,1,106
BRDA:17,1,0,76
BRDA:17,1,1,167
BRDA:18,2,0,7
BRDA:18,2,1,69
BRDA:24,3,0,75
BRDA:24,3,1,92
BRDA:25,4,0,7
BRDA:25,4,1,68
BRDA:39,5,0,1
BRDA:39,5,1,5
BRDA:44,6,0,3
BRDA:44,6,1,11
BRDA:46,7,0,5
BRDA:46,7,1,6
BRDA:48,8,0,6
BRDA:48,8,1,0
BRDA:51,9,0,2
BRDA:51,9,1,9
BRF:20
BRH:19
end_of_record
